<?xml version="1.0" encoding="UTF-8"?>
<testsuite name="joystickdrive.JoystickDriveTest" tests="1" skipped="0" failures="0" errors="0" timestamp="2020-06-28T21:17:16" hostname="bryanli" time="1.039">
  <properties/>
  <testcase name="testRandomInputs()" classname="joystickdrive.JoystickDriveTest" time="1.039"/>
  <system-out><![CDATA[]]></system-out>
  <system-err><![CDATA[]]></system-err>
</testsuite>
